false || 1/306 || https://www.csob.sk/individualni-klienti
false || 2/306 || https://www.csob.sk/privatne-bankovnictvo
false || 3/306 || https://www.csob.sk/podnikatelia-firmy
false || 4/306 || https://www.csob.sk/korporatni-klienti
false || 5/306 || https://www.csob.sk/o-nas
false || 6/306 || https://www.csob.sk/kontakty
false || 7/306 || https://www.csob.sk/blog
false || 8/306 || https://www.csob.sk/dolezite-dokumenty
false || 9/306 || https://www.csob.sk/pravne-informacie
false || 10/306 || https://www.csob.sk/vas-nazor
false || 11/306 || https://www.csob.sk/externi-partneri
false || 12/306 || https://www.csob.sk/ucty-a-platby
false || 13/306 || https://www.csob.sk/uvery-a-lizing
false || 14/306 || https://www.csob.sk/sporenie-a-investovanie
false || 15/306 || https://www.csob.sk/poistenie
false || 16/306 || https://www.csob.sk/online-produkty
false || 17/306 || https://www.csob.sk/vyhukane-zlavy
true || 18/306 || https://www.csob.sk/porovnanie-uverov
false || 19/306 || https://www.csob.sk/refinancovanie-uverov
false || 20/306 || https://www.csob.sk/spotrebny-uver
false || 21/306 || https://www.csob.sk/hypotekarny-uver
false || 22/306 || https://www.csob.sk/kreditna-karta
false || 23/306 || https://www.csob.sk/povolene-precerpanie-uctu
false || 24/306 || https://www.csob.sk/uvery-byvanie-rekonstrukcia
false || 25/306 || https://www.csob.sk/stavebny-uver
false || 26/306 || https://www.csob.sk/uver-rekonstrukcia
false || 27/306 || https://www.csob.sk/uver-kupa-nehnutelnosti
false || 28/306 || https://www.csob.sk/uver-zalozenie-nehnutelnosti
true || 29/306 || https://www.csob.sk/miniuver
false || 30/306 || https://www.csob.sk/refinancovanie-stavebnych-uverov
false || 31/306 || https://www.csob.sk/sporenie
false || 32/306 || https://www.csob.sk/investovanie
false || 33/306 || https://www.csob.sk/dochodkove-riesenie
false || 34/306 || https://www.csob.sk/cppk-ziadost
false || 35/306 || https://www.csob.sk/stavebne-sporenie
false || 36/306 || https://www.csob.sk/sporiaci-ucet
false || 37/306 || https://www.csob.sk/terminovany-vklad
false || 38/306 || https://www.csob.sk/fondy/novinky
false || 39/306 || https://www.csob.sk/poistenie-byvania
true || 40/306 || https://www.csob.sk/uz-som-poisteny
false || 41/306 || https://www.csob.sk/zmeny-v-poistnych-zmluvach
true || 42/306 || https://www.csob.sk/poistenie-nehnutelnosti-s-domacnostou
false || 43/306 || https://www.csob.sk/podnikatelia-firmy/ucty-platby
false || 44/306 || https://www.csob.sk/podnikatelia-firmy/financovanie
true || 45/306 || https://www.csob.sk/podnikatelia-firmy/sporenie-investovanie
true || 46/306 || https://www.csob.sk/podnikatelia-firmy/poistenie
false || 47/306 || https://www.csob.sk/podnikatelia-firmy/odvetvia
false || 48/306 || https://www.csob.sk/podnikatelia-firmy/vas-biznis-berieme-osobne
false || 49/306 || https://www.csob.sk/podnikatelia-firmy/koronavirus
true || 50/306 || https://www.csob.sk/podnikatelia-firmy/loungekey
false || 51/306 || https://www.csob.sk/privatne-bankovnictvo/vsetko-na-jednom-mieste
false || 52/306 || https://www.csob.sk/privatne-bankovnictvo/dokonala-starostlivost
false || 53/306 || https://www.csob.sk/privatne-bankovnictvo/wealth-management
false || 54/306 || https://www.csob.sk/privatne-bankovnictvo/mate-na-to
false || 55/306 || https://www.csob.sk/o-nas/pre-media
false || 56/306 || https://www.csob.sk/o-nas/kurzovy-listok
false || 57/306 || https://www.csob.sk/o-nas/novinky
false || 58/306 || https://www.csob.sk/spajamesa
false || 59/306 || https://www.csob.sk/kontakty/banka
false || 60/306 || https://www.csob.sk/kontakty/poistovna
false || 61/306 || https://www.csob.sk/kontakty/stavebna-sporitelna
false || 62/306 || https://www.csob.sk/kontakty/leasing
false || 63/306 || https://www.csob.sk/kontakty/kontaktny-formular
false || 64/306 || https://www.csob.sk/o-nas/nadacia
false || 65/306 || https://www.csob.sk/o-nas/pomahame-a-podporujeme/spolocenska-zodpovednost
false || 66/306 || https://www.csob.sk/o-nas/pomahame-a-podporujeme/csob-nadacia
false || 67/306 || https://www.csob.sk/o-nas/pomahame-a-podporujeme/sponzorske-aktivity
false || 68/306 || https://www.csob.sk/o-nas/kariera/vizia-a-hodnoty
false || 69/306 || https://www.csob.sk/o-nas/kariera/aktualne-pozicie
false || 70/306 || https://www.csob.sk/o-nas/kariera/kariera-v-csob-fs
false || 71/306 || https://www.csob.sk/o-nas/kariera/studenti-a-absolventi
false || 72/306 || https://www.csob.sk/o-nas/kariera/nasa-prezentacia
false || 73/306 || https://www.csob.sk/o-nas/kariera/ocenenia
false || 74/306 || https://www.csob.sk/o-nas/kariera/zeny-v-csob
false || 75/306 || https://www.csob.sk/o-nas/pre-media/tlacove-spravy
false || 76/306 || https://www.csob.sk/o-nas/press/pohlad-analytika
false || 77/306 || https://www.csob.sk/o-nas/press/fotogaleria
false || 78/306 || https://www.csob.sk/o-nas/press/kontakty
false || 79/306 || https://www.csob.sk/maratonskepsy
false || 80/306 || https://www.csob.sk/vyberove-konanie
false || 81/306 || https://www.csob.sk/kontakty/pobocky-a-bankomaty
false || 82/306 || https://www.csob.sk/kontakty/pobocky-firemnej-klientely
false || 83/306 || https://www.csob.sk/kontakty/pobocky-a-bankomaty/schranky-a-trezory
true || 84/306 || https://www.csob.sk/kontakty/pobocky-a-bankomaty/vkladove-bankomaty
false || 85/306 || https://www.csob.sk/manuals-and-software
false || 86/306 || https://www.csob.sk/dolezite-dokumenty/obchodne-a-poistne-podmienky
false || 87/306 || https://www.csob.sk/dolezite-dokumenty/sadzobniky-poplatkov
false || 88/306 || https://www.csob.sk/dolezite-dokumenty/urokove-sadzby
false || 89/306 || https://www.csob.sk/dolezite-dokumenty/tlaciva
false || 90/306 || https://www.csob.sk/dolezite-dokumenty/letaky
false || 91/306 || https://www.csob.sk/dolezite-dokumenty/navody-a-software
false || 92/306 || https://www.csob.sk/important-documents
false || 93/306 || https://www.csob.sk/dolezite-dokumenty/statuty-sutazi
false || 94/306 || https://www.csob.sk/cookies
false || 95/306 || https://www.csob.sk/suhlasy-so-spracovanim-osobnych-udajov
false || 96/306 || https://www.csob.sk/moznosti-riesenia-sporov
false || 97/306 || https://www.csob.sk/psd2tpp
false || 98/306 || https://www.csob.sk/komunita
false || 99/306 || https://www.csob.sk/omvsutaz
false || 100/306 || https://www.csob.sk/ziadost-kandidata
true || 101/306 || https://www.csob.sk/moja-csob/prihlasenie
false || 102/306 || https://www.csob.sk/dlhopisy
false || 103/306 || https://www.csob.sk/patria-finance
false || 104/306 || https://www.csob.sk/hypotekarne-zalozne-listy
false || 105/306 || https://www.csob.sk/karty/blokacia
false || 106/306 || https://www.csob.sk/lizing/znackove-financovanie
false || 107/306 || https://www.csob.sk/lizing/financny-lizing
false || 108/306 || https://www.csob.sk/lizing/spotrebny-uver
false || 109/306 || https://www.csob.sk/lizing/operativny-lizing
false || 110/306 || https://www.csob.sk/lizing/porovnanie
false || 111/306 || https://www.csob.sk/lizing-na-nove-auto
false || 112/306 || https://www.csob.sk/lizing-na-jazdene-auto
false || 113/306 || https://www.csob.sk/korporatni-klienti/korporatne-bankovnictvo
false || 114/306 || https://www.csob.sk/korporatni-klienti/financne-institucie
false || 115/306 || https://www.csob.sk/korporatni-klienti/korporatna-klientela
false || 116/306 || https://www.csob.sk/stavebne-sporenie/profit-maxi
false || 117/306 || https://www.csob.sk/stavebne-sporenie/profit-maxi-pre-neplnoletych
false || 118/306 || https://www.csob.sk/pravidla-ochrany-sukromia
false || 119/306 || https://www.csob.sk/skener-faktury
false || 120/306 || https://www.csob.sk/zivotne-poistenie/vario
false || 121/306 || https://www.csob.sk/zivotne-poistenie/vario-junior
false || 122/306 || https://www.csob.sk/zivotne-poistenie/invest-mix
false || 123/306 || https://www.csob.sk/zivotne-poistenie/junior-mix
false || 124/306 || https://www.csob.sk/zivotne-poistenie/perspektiv
false || 125/306 || https://www.csob.sk/zivotne-poistenie/maximal
false || 126/306 || https://www.csob.sk/zivotne-poistenie/invest-garant
true || 127/306 || https://www.csob.sk/smart-ucet
false || 128/306 || https://www.csob.sk/zalozenie-uctu
true || 129/306 || https://www.csob.sk/ucet-pohoda
true || 130/306 || https://www.csob.sk/ucet-extra-pohoda
false || 131/306 || https://www.csob.sk/studentsky-ucet
false || 132/306 || https://www.csob.sk/ucet-pre-deti
false || 133/306 || https://www.csob.sk/porovnanie-uctov
false || 134/306 || https://www.csob.sk/legislativny-ucet
false || 135/306 || https://www.csob.sk/ucet-bez-poplatku
false || 136/306 || https://www.csob.sk/chcem-sa-stat-klientom
false || 137/306 || https://www.csob.sk/ucet
false || 138/306 || https://www.csob.sk/platby
false || 139/306 || https://www.csob.sk/sepa-platba
true || 140/306 || https://www.csob.sk/platobna-karta
false || 141/306 || https://www.csob.sk/platobna-karta/eko
false || 142/306 || https://www.csob.sk/apple-pay
false || 143/306 || https://www.csob.sk/google-pay
false || 144/306 || https://www.csob.sk/garmin-pay
false || 145/306 || https://www.csob.sk/fitbit-pay
true || 146/306 || https://www.csob.sk/bezkontaktne-platby
false || 147/306 || https://www.csob.sk/uver
false || 148/306 || https://www.csob.sk/lizing
false || 149/306 || https://www.csob.sk/podielove-fondy
true || 150/306 || https://www.csob.sk/cenne-papiere
false || 151/306 || https://www.csob.sk/investicny-program
false || 152/306 || https://www.csob.sk/kombi-ponuka
false || 153/306 || https://www.csob.sk/kombi-ponuka-usd
false || 154/306 || https://www.csob.sk/kalkulacky
false || 155/306 || https://www.csob.sk/online-zriadenie
false || 156/306 || https://www.csob.sk/refinancovanie-uverov-kalkulacka
false || 157/306 || https://www.csob.sk/spotrebny-uver-kalkulacka
true || 158/306 || https://www.csob.sk/hypokalkulacka
false || 159/306 || https://www.csob.sk/sporenie-kalkulacka
false || 160/306 || https://www.csob.sk/online/zaujem-o-podnikatelske-produkty
false || 161/306 || https://www.csob.sk/cestovne-poistenie-online
false || 162/306 || https://www.csob.sk/pzp-online
false || 163/306 || https://www.csob.sk/havarijne-poistenie-kalkulacka
false || 164/306 || https://www.csob.sk/urazove-poistenie-vodica-kalkulacka
false || 165/306 || https://www.csob.sk/poistenie-nehnutelnosti-s-domacnostou-kalkulacka
false || 166/306 || https://www.csob.sk/zivotne-poistenie-spirit-online
false || 167/306 || https://www.csob.sk/bezny-ucet-online
false || 168/306 || https://www.csob.sk/sporiaci-ucet/depozit
false || 169/306 || https://www.csob.sk/sporiaci-ucet/standard
false || 170/306 || https://www.csob.sk/sporiaci-ucet/slonik
false || 171/306 || https://www.csob.sk/financne-institucie/produkty
false || 172/306 || https://www.csob.sk/termek-attekintese
false || 173/306 || https://www.csob.sk/online-nahlasenie-poistnej-udalosti
false || 174/306 || https://www.csob.sk/podnikatelia-firmy/platobne-terminaly/podakovanie
false || 175/306 || https://www.csob.sk/blog/vyvoj-cien-na-trhu-nehnutelnosti-alebo-kedy-je-vhodny-cas-na-hypoteku
false || 176/306 || https://www.csob.sk/blog/csob-nadacia-pomaha-v-boji-proti-dopadu-koronavirusu
false || 177/306 || https://www.csob.sk/blog/co-vsetko-dokazete-vyriesit-online
false || 178/306 || https://www.csob.sk/blog/bezplatny-odklad-splatok-v-csob
false || 179/306 || https://www.csob.sk/blog/potrebujete-odlozit-splatku-poistneho-alebo-stornovat-cestovne-poistenie-tu-je-navod-ako-komunikovat-s-poistovnou
false || 180/306 || https://www.csob.sk/blog/najcastejsie-otazky-o-poisteni-pocas-pandemie-koronavirusu
true || 181/306 || https://www.csob.sk/koronavirus
false || 182/306 || https://www.csob.sk/blog/ako-komunikovat-s-csob-poistovnou-v-case-pandemie
false || 183/306 || https://www.csob.sk/blog/4-tipy-ako-vyuzit-cas-doma-plnohodnotne
false || 184/306 || https://www.csob.sk/blog/informacie-k-odkladu-splatok
false || 185/306 || https://www.csob.sk/blog/preco-si-poistit-spotrebny-uver-v-csob
false || 186/306 || https://www.csob.sk/blog/csob-prichadza-s-uverovou-pomocou-pre-podniky-vsetkych-velkosti
false || 187/306 || https://www.csob.sk/blog/bezpecnost-na-internete-socialne-siete
false || 188/306 || https://www.csob.sk/blog/bezpecnost-na-internete-email
false || 189/306 || https://www.csob.sk/blog/bezpecnost-na-internete-vseobecne-bezpecnostne-zasady
false || 190/306 || https://www.csob.sk/blog/csob-podporuje-firmy-v-online-podnikani
false || 191/306 || https://www.csob.sk/blog/bezpecnost-na-internete-online-nakup
false || 192/306 || https://www.csob.sk/blog/bezpecne-zariadenia
false || 193/306 || https://www.csob.sk/blog/vyhodny-uver-na-rekonstrukciu
false || 194/306 || https://www.csob.sk/blog/autopoistenie
false || 195/306 || https://www.csob.sk/blog/audiotrek
false || 196/306 || https://www.csob.sk/blog/ako-predchadzat-detskym-urazom-
false || 197/306 || https://www.csob.sk/blog/koronavirus-a-financne-trhy
false || 198/306 || https://www.csob.sk/blog/bezpecnost-pri-platbe-zariadenim
false || 199/306 || https://www.csob.sk/blog/rozsirujeme-rozsah-krytia-cestovneho-poistenia
false || 200/306 || https://www.csob.sk/blog/poistenie-pravidelnych-vydavkov-a-jeho-uzitocnost-nielen-v-case-pandemie
false || 201/306 || https://www.csob.sk/blog/naco-sluzi-kreditna-karta-a-ako-ju-najlepsie-vyuzijete
false || 202/306 || https://www.csob.sk/blog/kyberneticka-bezpecnost-je-rovnako-dolezita-ako-osobna
false || 203/306 || https://www.csob.sk/blog/smart-domacnost-je-spojenim-komfortu-a-bezpecia
false || 204/306 || https://www.csob.sk/blog/financna_gramotnost_u_deti_a_ako_ju_dosiahnut
false || 205/306 || https://www.csob.sk/blog/preco-je-dolezite-chranit-sa-pred-nasledkami-urazov
false || 206/306 || https://www.csob.sk/blog/cyklisticka-sezona-je-za-dverami
false || 207/306 || https://www.csob.sk/blog/na-clubhouse-sa-m%C3%B4%C5%BEete-o-svoj-n%C3%A1zor-podeli%C5%A5-so-svetom
false || 208/306 || https://www.csob.sk/blog/kupujete-auto-v-csob-vybavite-financovanie-aj-poistenie-na-jednom-mieste
false || 209/306 || https://www.csob.sk/blog/pre-ktore-poistenie-sa-rozhodnut-poradime-vam-s-vyberom
false || 210/306 || https://www.csob.sk/blog/pestra-jesen-na-horach
false || 211/306 || https://www.csob.sk/blog/chystate-rekonstrukciu-myslite-pri-tom-aj-na-poistenie-nehnutelnosti-a-domacnosti
false || 212/306 || https://www.csob.sk/blog/7-cestovatelskych-tipov
false || 213/306 || https://www.csob.sk/bezpecnost
false || 214/306 || https://www.csob.sk/blog/ako-sa-pripravit-na-pracovny-zivot-po-skole
false || 215/306 || https://www.csob.sk/blog/kam-na-turu-v-lete-audiotrek-vas-prevedie-slovenskymi-horami
false || 216/306 || https://www.csob.sk/dolezite-dokumenty/urokove-sadzby/archiv
false || 217/306 || https://www.csob.sk/dolezite-dokumenty/vseobecne-obchodne-podmienky
false || 218/306 || https://www.csob.sk/dolezite-dokumenty/sadzobniky-poplatkov/archiv
false || 219/306 || https://www.csob.sk/podnikatelia-firmy/financovanie-podnikania-od-csob
true || 220/306 || https://www.csob.sk/podnikatelsky-uver-online
true || 221/306 || https://www.csob.sk/podnikatelia-firmy/trade-club
false || 222/306 || https://www.csob.sk/podnikatelia-firmy/rodinne-firmy
false || 223/306 || https://www.csob.sk/podnikatelia-firmy/match-it
true || 224/306 || https://www.csob.sk/nahlasenie-poistnej-udalosti
false || 225/306 || https://www.csob.sk/stav-poistnej-udalosti
true || 226/306 || https://www.csob.sk/nahlasenie-poistnej-udalosti-a-asistencna-sluzba
false || 227/306 || https://www.csob.sk/online-platba-poistneho
false || 228/306 || https://www.csob.sk/poistenie/elektronicka-korespondencia
false || 229/306 || https://www.csob.sk/o-nas/csob-financna-skupina
false || 230/306 || https://www.csob.sk/o-nas/banka
false || 231/306 || https://www.csob.sk/o-nas/poistovna
false || 232/306 || https://www.csob.sk/o-nas/stavebna-sporitelna
false || 233/306 || https://www.csob.sk/o-nas/leasing
false || 234/306 || https://www.csob.sk/o-nas/csob-advisory
false || 235/306 || https://www.csob.sk/o-nas/asset-management
false || 236/306 || https://www.csob.sk/podnikatelia-firmy/elektronicke-bankovnictvo
false || 237/306 || https://www.csob.sk/podnikatelia-firmy/platobne-karty
false || 238/306 || https://www.csob.sk/podnikatelia-firmy/platby
true || 239/306 || https://www.csob.sk/podnikatelia-firmy/efektivne-riesenia-pre-hotovost
false || 240/306 || https://www.csob.sk/podnikatelia-firmy/sporiace-ucty
false || 241/306 || https://www.csob.sk/podnikatelia-firmy/terminovany-vklad
false || 242/306 || https://www.csob.sk/podnikatelia-firmy/stavebne-sporenie
false || 243/306 || https://www.csob.sk/podnikatelia-firmy/fondy
false || 244/306 || https://www.csob.sk/podnikatelia-firmy/investicne-produkty-financnych-trhov
false || 245/306 || https://www.csob.sk/podnikatelia-firmy/zaistovacie-produkty-financnych-trhov
false || 246/306 || https://www.csob.sk/podnikatelia-firmy/rizikove-zivotne-poistenie
false || 247/306 || https://www.csob.sk/podnikatelia-firmy/zivotne-poistenie/vital
false || 248/306 || https://www.csob.sk/podnikatelia-firmy/poistenie-majetku
false || 249/306 || https://www.csob.sk/podnikatelia-firmy/poistenie-vozidiel
false || 250/306 || https://www.csob.sk/podnikatelia-firmy/poistenie-zodpovednosti-za-skodu
false || 251/306 || https://www.csob.sk/podnikatelia-firmy/poistenie-kybernetickych-rizik
false || 252/306 || https://www.csob.sk/podnikatelia-firmy/poistenie-bytovych-domov
false || 253/306 || https://www.csob.sk/zivotne-poistenie
true || 254/306 || https://www.csob.sk/poistenie-urazu-a-zivota-spirit
false || 255/306 || https://www.csob.sk/urazove-poistenie-vodica
false || 256/306 || https://www.csob.sk/poistenie-pravidelnych-vydavkov
false || 257/306 || https://www.csob.sk/rizikove-zivotne-poistenie
false || 258/306 || https://www.csob.sk/investicne-zivotne-poistenie
false || 259/306 || https://www.csob.sk/zivotne-poistenie/vital
false || 260/306 || https://www.csob.sk/moja-csob
true || 261/306 || https://www.csob.sk/multibanking
false || 262/306 || https://www.csob.sk/vymena-certifikatu
false || 263/306 || https://www.csob.sk/csob-api
false || 264/306 || https://www.csob.sk/smartbanking
true || 265/306 || https://www.csob.sk/elektronicke-bankovnictvo
true || 266/306 || https://www.csob.sk/sviatocnivodici
true || 267/306 || https://www.csob.sk/kratkodobe-cestovne-poistenie
true || 268/306 || https://www.csob.sk/cestovne-poistenie-ku-karte
true || 269/306 || https://www.csob.sk/rocne-cestovne-poistenie
false || 270/306 || https://www.csob.sk/kalendarcek
false || 271/306 || https://www.csob.sk/audiotrek
true || 272/306 || https://www.csob.sk/havarijne-poistenie
true || 273/306 || https://www.csob.sk/cestovne-poistenie
false || 274/306 || https://www.csob.sk/povinne-zmluvne-poistenie
false || 275/306 || https://www.csob.sk/rocne-cestovne-poistenie-pre-mladych
false || 276/306 || https://www.csob.sk/podnikatelia-firmy/podnikatelske-konta
false || 277/306 || https://www.csob.sk/podnikatelia-firmy/prevzatie-hotovosti-z-prevadzky
true || 278/306 || https://www.csob.sk/podnikatelia-firmy/platobne-terminaly
false || 279/306 || https://www.csob.sk/podnikatelia-firmy/platby-pre-eshopy
false || 280/306 || https://www.csob.sk/podnikatelia-firmy/vyber-platobneho-terminalu
true || 281/306 || https://www.csob.sk/podnikatelia-firmy/mpos-terminal
true || 282/306 || https://www.csob.sk/praca-s-mpos
false || 283/306 || https://www.csob.sk/podnikatelia-firmy/uvery-eu
false || 284/306 || https://www.csob.sk/podnikatelia-firmy/uvery-pre-zdravotnikov
false || 285/306 || https://www.csob.sk/podnikatelia-firmy/kontokorentny-uver
false || 286/306 || https://www.csob.sk/podnikatelia-firmy/efektiv-uver
false || 287/306 || https://www.csob.sk/podnikatelia-firmy/investicny-uver
false || 288/306 || https://www.csob.sk/podnikatelia-firmy/firemna-kreditna-karta
false || 289/306 || https://www.csob.sk/podnikatelia-firmy/uvery-bytove-domy-svb
false || 290/306 || https://www.csob.sk/podnikatelia-firmy/preklenovaci-polnohospodarsky-uver
false || 291/306 || https://www.csob.sk/podnikatelia-firmy/agrofinancovanie
false || 292/306 || https://www.csob.sk/podnikatelia-firmy/porovnanie-uverov
false || 293/306 || https://www.csob.sk/podnikatelia-firmy/lizing
false || 294/306 || https://www.csob.sk/podnikatelia-firmy/fondy-eu
false || 295/306 || https://www.csob.sk/podnikatelia-firmy/uvery-zo-zdrojov-europskych-bank
false || 296/306 || https://www.csob.sk/podnikatelia-firmy/bankova-zaruka
false || 297/306 || https://www.csob.sk/podnikatelia-firmy/dokumentarny-akreditiv
false || 298/306 || https://www.csob.sk/podnikatelia-firmy/dokumentarne-inkaso
false || 299/306 || https://www.csob.sk/podnikatelia-firmy/odkup-pohladavok
false || 300/306 || https://www.csob.sk/podnikatelia-firmy/exportne-financovanie
false || 301/306 || https://www.csob.sk/hypoteka-zaujem/podakovanie
false || 302/306 || https://www.csob.sk/podnikatelia-firmy/online-klient
false || 303/306 || https://www.csob.sk/bezpecnost/hackeri-utocia-phishingom-na-slovensku-postu
false || 304/306 || https://www.csob.sk/bezpecnost/hackeri-utocia-phishingom-na-klientov-csob
false || 305/306 || https://www.csob.sk/bezpecnost/hackeri-opat-utocia-phishingom-na-klientov-csob
false || 306/306 || https://www.csob.sk/bezpecnost/dalsi-phishing-smerovany-na-klientov-csob
